2024-07-15 19:06:15,441 [Worker-0: Loading available Gradle versions] INFO  o.e.b.c.i.u.g.PublishedGradleVersions - Gradle version information cache is up-to-date. Trying to read.
2024-07-15 19:12:35,659 [Worker-6: Loading available Gradle versions] INFO  o.e.b.c.i.u.g.PublishedGradleVersions - Gradle version information cache is up-to-date. Trying to read.
2024-07-17 18:09:32,324 [Worker-2: Loading available Gradle versions] INFO  o.e.b.c.i.u.g.PublishedGradleVersions - Gradle version information cache is up-to-date. Trying to read.
2024-07-17 18:11:10,065 [Worker-12: Importing Maven projects] ERROR o.e.m.c.i.p.ProjectConfigurationManager - Project selenium-java already exists
2024-07-17 18:11:10,561 [Worker-12: Importing Maven projects] INFO  o.e.m.c.i.l.LifecycleMappingFactory - Using org.eclipse.m2e.jdt.JarLifecycleMapping lifecycle mapping for MavenProject: debashisacademy:selenium-java:0.0.1-SNAPSHOT @ /home/msr/eclipse-workspace/new_workspace_eclipse/SeleniumJavaProject/pom.xml.
2024-07-17 18:11:11,062 [Worker-12: Importing Maven projects] INFO  o.e.m.j.i.AbstractJavaProjectConfigurator - Adding source folder /selenium-java/src
2024-07-17 18:11:11,062 [Worker-12: Importing Maven projects] INFO  o.e.m.j.i.AbstractJavaProjectConfigurator - Resources folder /selenium-java/src/main/resources overlaps with sources folder /selenium-java/src
2024-07-17 18:11:11,063 [Worker-12: Importing Maven projects] INFO  o.e.m.j.i.AbstractJavaProjectConfigurator - Not adding source folder /selenium-java/src/test/java because it overlaps with /selenium-java/src
2024-07-17 18:11:11,063 [Worker-12: Importing Maven projects] INFO  o.e.m.j.i.AbstractJavaProjectConfigurator - Resources folder /selenium-java/src/test/resources overlaps with sources folder /selenium-java/src
2024-07-17 18:11:11,105 [Worker-12: Importing Maven projects] INFO  o.e.m.c.i.p.ProjectConfigurationManager - Imported and configured 2 project(s) in 1 sec
2024-07-17 18:11:11,488 [Worker-1: Building] WARN  o.a.m.s.f.DefaultMavenResourcesFiltering - Using platform encoding (UTF-8 actually) to copy filtered resources, i.e. build is platform dependent!
2024-07-17 18:11:11,488 [Worker-1: Building] INFO  o.a.m.s.f.DefaultMavenResourcesFiltering - skip non existing resourceDirectory /home/msr/eclipse-workspace/new_workspace_eclipse/SeleniumJavaProject/src/main/resources
2024-07-17 18:11:11,493 [Worker-1: Building] WARN  o.a.m.s.f.DefaultMavenResourcesFiltering - Using platform encoding (UTF-8 actually) to copy filtered resources, i.e. build is platform dependent!
2024-07-17 18:11:11,493 [Worker-1: Building] INFO  o.a.m.s.f.DefaultMavenResourcesFiltering - skip non existing resourceDirectory /home/msr/eclipse-workspace/new_workspace_eclipse/SeleniumJavaProject/src/test/resources
2024-07-17 18:11:12,005 [Worker-1: Download sources and javadoc] ERROR o.e.m.j.internal.DownloadSourcesJob - Could not download sources for rahulshettyacademy:selenium-java:0.0.1-SNAPSHOT
org.eclipse.core.runtime.CoreException: Could not resolve artifact rahulshettyacademy:selenium-java:jar:sources:0.0.1-SNAPSHOT
	at org.eclipse.m2e.core.internal.embedder.MavenImpl.lambda$6(MavenImpl.java:584)
	at org.eclipse.m2e.core.internal.embedder.MavenExecutionContext.executeBare(MavenExecutionContext.java:394)
	at org.eclipse.m2e.core.internal.embedder.MavenExecutionContext.execute(MavenExecutionContext.java:228)
	at org.eclipse.m2e.core.internal.embedder.MavenExecutionContext.execute(MavenExecutionContext.java:214)
	at org.eclipse.m2e.core.internal.embedder.MavenImpl.resolve(MavenImpl.java:553)
	at org.eclipse.m2e.core.internal.embedder.MavenImpl.resolve(MavenImpl.java:538)
	at org.eclipse.m2e.jdt.internal.DownloadSourcesJob.download(DownloadSourcesJob.java:308)
	at org.eclipse.m2e.jdt.internal.DownloadSourcesJob.downloadAttachments(DownloadSourcesJob.java:282)
	at org.eclipse.m2e.jdt.internal.DownloadSourcesJob.downloadMaven(DownloadSourcesJob.java:252)
	at org.eclipse.m2e.jdt.internal.DownloadSourcesJob.downloadFilesAndPopulateToUpdate(DownloadSourcesJob.java:220)
	at org.eclipse.m2e.jdt.internal.DownloadSourcesJob.lambda$0(DownloadSourcesJob.java:149)
	at org.eclipse.m2e.core.internal.embedder.MavenExecutionContext.executeBare(MavenExecutionContext.java:394)
	at org.eclipse.m2e.core.internal.embedder.MavenExecutionContext.execute(MavenExecutionContext.java:275)
	at org.eclipse.m2e.core.internal.embedder.MavenExecutionContext.execute(MavenExecutionContext.java:214)
	at org.eclipse.m2e.core.embedder.IMaven.execute(IMaven.java:294)
	at org.eclipse.m2e.jdt.internal.DownloadSourcesJob.run(DownloadSourcesJob.java:149)
	at org.eclipse.core.internal.jobs.Worker.run(Worker.java:63)
2024-07-17 18:15:26,172 [Worker-1: Building] INFO  o.e.m.c.i.l.LifecycleMappingFactory - Using org.eclipse.m2e.jdt.JarLifecycleMapping lifecycle mapping for MavenProject: rahulshettyacademy:selenium-java:0.0.1-SNAPSHOT @ /home/msr/eclipse-workspace/new_workspace_eclipse/JavaSeleniumProject/pom.xml.
2024-07-17 18:15:26,501 [Worker-1: Building] WARN  o.a.m.s.f.DefaultMavenResourcesFiltering - Using platform encoding (UTF-8 actually) to copy filtered resources, i.e. build is platform dependent!
2024-07-17 18:15:26,502 [Worker-1: Building] INFO  o.a.m.s.f.DefaultMavenResourcesFiltering - skip non existing resourceDirectory /home/msr/eclipse-workspace/new_workspace_eclipse/JavaSeleniumProject/src/main/resources
2024-07-17 18:15:26,505 [Worker-1: Building] WARN  o.a.m.s.f.DefaultMavenResourcesFiltering - Using platform encoding (UTF-8 actually) to copy filtered resources, i.e. build is platform dependent!
2024-07-17 18:15:26,506 [Worker-1: Building] INFO  o.a.m.s.f.DefaultMavenResourcesFiltering - skip non existing resourceDirectory /home/msr/eclipse-workspace/new_workspace_eclipse/JavaSeleniumProject/src/test/resources
2024-07-17 18:15:26,897 [Worker-3: Building] INFO  o.e.m.c.i.l.LifecycleMappingFactory - Using org.eclipse.m2e.jdt.JarLifecycleMapping lifecycle mapping for MavenProject: rahulshettyacademy:selenium-java:0.0.1-SNAPSHOT @ /home/msr/eclipse-workspace/new_workspace_eclipse/JavaSeleniumProject/pom.xml.
2024-07-17 18:15:27,175 [Worker-3: Building] INFO  o.e.m.c.i.l.LifecycleMappingFactory - Using org.eclipse.m2e.jdt.JarLifecycleMapping lifecycle mapping for MavenProject: debashisacademy:selenium-java:0.0.1-SNAPSHOT @ /home/msr/eclipse-workspace/new_workspace_eclipse/SeleniumJavaProject/pom.xml.
2024-07-17 18:15:27,211 [Worker-3: Building] INFO  o.e.m.c.i.p.WorkspaceClassifierResolverManager - Resolving P/JavaSeleniumProject: rahulshettyacademy:selenium-java:0.0.1-SNAPSHOT with classifier  to /JavaSeleniumProject/target/classes
2024-07-17 18:15:27,275 [Worker-3: Building] WARN  o.a.m.s.f.DefaultMavenResourcesFiltering - Using platform encoding (UTF-8 actually) to copy filtered resources, i.e. build is platform dependent!
2024-07-17 18:15:27,275 [Worker-3: Building] INFO  o.a.m.s.f.DefaultMavenResourcesFiltering - skip non existing resourceDirectory /home/msr/eclipse-workspace/new_workspace_eclipse/SeleniumJavaProject/src/main/resources
2024-07-17 18:15:27,278 [Worker-3: Building] WARN  o.a.m.s.f.DefaultMavenResourcesFiltering - Using platform encoding (UTF-8 actually) to copy filtered resources, i.e. build is platform dependent!
2024-07-17 18:15:27,279 [Worker-3: Building] INFO  o.a.m.s.f.DefaultMavenResourcesFiltering - skip non existing resourceDirectory /home/msr/eclipse-workspace/new_workspace_eclipse/SeleniumJavaProject/src/test/resources
